Determining if the pthread_create exist failed with the following output:
Change Dir: /home/miguel/joy_ws/build/CMakeFiles/CMakeTmp

Run Build Command:/usr/bin/make "cmTryCompileExec3067758879/fast"
/usr/bin/make -f CMakeFiles/cmTryCompileExec3067758879.dir/build.make CMakeFiles/cmTryCompileExec3067758879.dir/build
make[1]: Entering directory `/home/miguel/joy_ws/build/CMakeFiles/CMakeTmp'
/usr/bin/cmake -E cmake_progress_report /home/miguel/joy_ws/build/CMakeFiles/CMakeTmp/CMakeFiles 1
Building C object CMakeFiles/cmTryCompileExec3067758879.dir/CheckSymbolExists.c.o
/usr/bin/cc    -o CMakeFiles/cmTryCompileExec3067758879.dir/CheckSymbolExists.c.o   -c /home/miguel/joy_ws/build/CMakeFiles/CMakeTmp/CheckSymbolExists.c
Linking C executable cmTryCompileExec3067758879
/usr/bin/cmake -E cmake_link_script CMakeFiles/cmTryCompileExec3067758879.dir/link.txt --verbose=1
/usr/bin/cc       CMakeFiles/cmTryCompileExec3067758879.dir/CheckSymbolExists.c.o  -o cmTryCompileExec3067758879 -rdynamic 
CMakeFiles/cmTryCompileExec3067758879.dir/CheckSymbolExists.c.o: In function `main':
CheckSymbolExists.c:(.text+0x16): undefined reference to `pthread_create'
collect2: error: ld returned 1 exit status
make[1]: *** [cmTryCompileExec3067758879] Error 1
make[1]: Leaving directory `/home/miguel/joy_ws/build/CMakeFiles/CMakeTmp'
make: *** [cmTryCompileExec3067758879/fast] Error 2

File /home/miguel/joy_ws/build/CMakeFiles/CMakeTmp/CheckSymbolExists.c:
/* */
#include <pthread.h>

int main(int argc, char** argv)
{
  (void)argv;
#ifndef pthread_create
  return ((int*)(&pthread_create))[argc];
#else
  (void)argc;
  return 0;
#endif
}

Determining if the function pthread_create exists in the pthreads failed with the following output:
Change Dir: /home/miguel/joy_ws/build/CMakeFiles/CMakeTmp

Run Build Command:/usr/bin/make "cmTryCompileExec212793554/fast"
/usr/bin/make -f CMakeFiles/cmTryCompileExec212793554.dir/build.make CMakeFiles/cmTryCompileExec212793554.dir/build
make[1]: Entering directory `/home/miguel/joy_ws/build/CMakeFiles/CMakeTmp'
/usr/bin/cmake -E cmake_progress_report /home/miguel/joy_ws/build/CMakeFiles/CMakeTmp/CMakeFiles 1
Building C object CMakeFiles/cmTryCompileExec212793554.dir/CheckFunctionExists.c.o
/usr/bin/cc   -DCHECK_FUNCTION_EXISTS=pthread_create   -o CMakeFiles/cmTryCompileExec212793554.dir/CheckFunctionExists.c.o   -c /usr/share/cmake-2.8/Modules/CheckFunctionExists.c
Linking C executable cmTryCompileExec212793554
/usr/bin/cmake -E cmake_link_script CMakeFiles/cmTryCompileExec212793554.dir/link.txt --verbose=1
/usr/bin/cc   -DCHECK_FUNCTION_EXISTS=pthread_create    CMakeFiles/cmTryCompileExec212793554.dir/CheckFunctionExists.c.o  -o cmTryCompileExec212793554 -rdynamic -lpthreads 
/usr/bin/ld: cannot find -lpthreads
collect2: error: ld returned 1 exit status
make[1]: Leaving directory `/home/miguel/joy_ws/build/CMakeFiles/CMakeTmp'
make[1]: *** [cmTryCompileExec212793554] Error 1
make: *** [cmTryCompileExec212793554/fast] Error 2


